#
# There is insufficient memory for the Java Runtime Environment to continue.
# Native memory allocation (mmap) failed to map 22020096 bytes for G1 virtual space
# Possible reasons:
#   The system is out of physical RAM or swap space
#   The process is running with CompressedOops enabled, and the Java Heap may be blocking the growth of the native heap
# Possible solutions:
#   Reduce memory load on the system
#   Increase physical memory or swap space
#   Check if swap backing store is full
#   Decrease Java heap size (-Xmx/-Xms)
#   Decrease number of Java threads
#   Decrease Java thread stack sizes (-Xss)
#   Set larger code cache with -XX:ReservedCodeCacheSize=
#   JVM is running with Unscaled Compressed Oops mode in which the Java heap is
#     placed in the first 4GB address space. The Java Heap base address is the
#     maximum limit for the native heap growth. Please use -XX:HeapBaseMinAddress
#     to set the Java Heap base and to place the Java Heap above 4GB virtual address.
# This output file may be truncated or incomplete.
#
#  Out of Memory Error (./open/src/hotspot/os/windows/os_windows.cpp:3472), pid=9524, tid=2964
#
# JRE version: OpenJDK Runtime Environment (15.0.1+9) (build 15.0.1+9-18)
# Java VM: OpenJDK 64-Bit Server VM (15.0.1+9-18, mixed mode, sharing, tiered, compressed oops, g1 gc, windows-amd64)
# No core dump will be written. Minidumps are not enabled by default on client versions of Windows
#

---------------  S U M M A R Y ------------

Command Line: -Ddebug -XX:TieredStopAtLevel=1 -Xverify:none -Dspring.output.ansi.enabled=always -Dcom.sun.management.jmxremote -Dspring.jmx.enabled=true -Dspring.liveBeansView.mbeanDomain -Dspring.application.admin.enabled=true -javaagent:C:\Program Files\JetBrains\IntelliJ IDEA 2020.2.2\lib\idea_rt.jar=52698:C:\Program Files\JetBrains\IntelliJ IDEA 2020.2.2\bin -Dfile.encoding=UTF-8 com.vaadin.tutorial.crm.Application

Host: Intel(R) Pentium(R) CPU N4200 @ 1.10GHz, 4 cores, 3G,  Windows 10 , 64 bit Build 18362 (10.0.18362.1110)
Time: Wed Jan 13 14:47:22 2021 FLE Standard Time elapsed time: 40.985405 seconds (0d 0h 0m 40s)

---------------  T H R E A D  ---------------

Current thread (0x000001e200266800):  VMThread "VM Thread" [stack: 0x00000059be500000,0x00000059be600000] [id=2964]

Stack: [0x00000059be500000,0x00000059be600000]
[error occurred during error reporting (printing stack bounds), id 0xc0000005, EXCEPTION_ACCESS_VIOLATION (0xc0000005) at pc=0x000001e26c9410bd]

Native frames: (J=compiled Java code, j=interpreted, Vv=VM code, C=native code)
V  [jvm.dll+0x62ae9a]
V  [jvm.dll+0x781389]
V  [jvm.dll+0x782ae3]
V  [jvm.dll+0x7830a5]
V  [jvm.dll+0x78305b]
V  [jvm.dll+0x62a2b9]
V  [jvm.dll+0x62aa88]
C  [ntdll.dll+0xa184f]
C  [ntdll.dll+0x6a889]
C  [ntdll.dll+0xa04be]
C  0x000001e26c9410bd

VM_Operation (0x00000059bf5fc2d0): G1CollectForAllocation, mode: safepoint, requested by thread 0x000001e2017acd80


---------------  P R O C E S S  ---------------

Threads class SMR info:
_java_thread_list=0x000001e202039c90, length=17, elements={
0x000001e264738cf0, 0x000001e20026a090, 0x000001e20026bb80, 0x000001e2002872d0,
0x000001e200289ba0, 0x000001e20028a560, 0x000001e20028bfe0, 0x000001e20028d9f0,
0x000001e20024e290, 0x000001e20129b950, 0x000001e20129be20, 0x000001e201390280,
0x000001e2014631a0, 0x000001e2017acd80, 0x000001e201d7cc90, 0x000001e204193d60,
0x000001e2041950a0
}

Java Threads: ( => current thread )
  0x000001e264738cf0 JavaThread "main" [_thread_blocked, id=10632, stack(0x00000059bdf00000,0x00000059be000000)]
  0x000001e20026a090 JavaThread "Reference Handler" daemon [_thread_blocked, id=12052, stack(0x00000059be600000,0x00000059be700000)]
  0x000001e20026bb80 JavaThread "Finalizer" daemon [_thread_blocked, id=9720, stack(0x00000059be700000,0x00000059be800000)]
  0x000001e2002872d0 JavaThread "Signal Dispatcher" daemon [_thread_blocked, id=5088, stack(0x00000059be800000,0x00000059be900000)]
  0x000001e200289ba0 JavaThread "Attach Listener" daemon [_thread_blocked, id=10644, stack(0x00000059be900000,0x00000059bea00000)]
  0x000001e20028a560 JavaThread "Service Thread" daemon [_thread_blocked, id=2612, stack(0x00000059bea00000,0x00000059beb00000)]
  0x000001e20028bfe0 JavaThread "C1 CompilerThread0" daemon [_thread_blocked, id=10652, stack(0x00000059beb00000,0x00000059bec00000)]
  0x000001e20028d9f0 JavaThread "Sweeper thread" daemon [_thread_blocked, id=3408, stack(0x00000059bec00000,0x00000059bed00000)]
  0x000001e20024e290 JavaThread "Common-Cleaner" daemon [_thread_blocked, id=8232, stack(0x00000059bed00000,0x00000059bee00000)]
  0x000001e20129b950 JavaThread "Monitor Ctrl-Break" daemon [_thread_in_native, id=11144, stack(0x00000059bee00000,0x00000059bef00000)]
  0x000001e20129be20 JavaThread "Notification Thread" daemon [_thread_blocked, id=9076, stack(0x00000059bef00000,0x00000059bf000000)]
  0x000001e201390280 JavaThread "RMI TCP Accept-0" daemon [_thread_in_native, id=11536, stack(0x00000059bf000000,0x00000059bf100000)]
  0x000001e2014631a0 JavaThread "Thread-0" [_thread_blocked, id=5520, stack(0x00000059bf400000,0x00000059bf500000)]
  0x000001e2017acd80 JavaThread "restartedMain" [_thread_blocked, id=12060, stack(0x00000059bf500000,0x00000059bf600000)]
  0x000001e201d7cc90 JavaThread "HikariPool-1 housekeeper" daemon [_thread_blocked, id=10384, stack(0x00000059bf600000,0x00000059bf700000)]
  0x000001e204193d60 JavaThread "RMI TCP Connection(1)-192.168.1.4" daemon [_thread_in_native, id=10816, stack(0x00000059bfc00000,0x00000059bfd00000)]
  0x000001e2041950a0 JavaThread "RMI Scheduler(0)" daemon [_thread_blocked, id=2916, stack(0x00000059bfd00000,0x00000059bfe00000)]

Other Threads:
=>0x000001e200266800 VMThread "VM Thread" [stack: 0x00000059be500000,0x00000059be600000] [id=2964]
  0x000001e20137f820 WatcherThread [stack: 0x00000059bf100000,0x00000059bf200000] [id=12792]
  0x000001e2647662a0 GCTaskThread "GC Thread#0" [stack: 0x00000059be000000,0x00000059be100000] [id=7284]
  0x000001e2013f36f0 GCTaskThread "GC Thread#1" [stack: 0x00000059bf200000,0x00000059bf300000] [id=9380]
  0x000001e2013f20a0 GCTaskThread "GC Thread#2" [stack: 0x00000059bf700000,0x00000059bf800000] [id=8084]
  0x000001e2013f23d0 GCTaskThread "GC Thread#3" [stack: 0x00000059bf800000,0x00000059bf900000] [id=8060]
  0x000001e264770ed0 ConcurrentGCThread "G1 Main Marker" [stack: 0x00000059be100000,0x00000059be200000] [id=11708]
  0x000001e264771ac0 ConcurrentGCThread "G1 Conc#0" [stack: 0x00000059be200000,0x00000059be300000] [id=13296]
  0x000001e2647adb80 ConcurrentGCThread "G1 Refine#0" [stack: 0x00000059be300000,0x00000059be400000] [id=8172]
  0x000001e201456030 ConcurrentGCThread "G1 Refine#1" [stack: 0x00000059bf300000,0x00000059bf400000] [id=8868]
  0x000001e2647ae780 ConcurrentGCThread "G1 Young RemSet Sampling" [stack: 0x00000059be400000,0x00000059be500000] [id=4860]

Threads with active compile tasks:

VM state: at safepoint (normal execution)

VM Mutex/Monitor currently owned by a thread:  ([mutex/lock_event])
[0x000001e264734b20] Threads_lock - owner thread: 0x000001e200266800
[0x000001e2647359c0] Heap_lock - owner thread: 0x000001e2017acd80

Heap address: 0x00000000c2a00000, size: 982 MB, Compressed Oops mode: 32-bit
CDS archive(s) mapped at: [0x0000000800000000-0x0000000800b50000-0x0000000800b50000), size 11862016, SharedBaseAddress: 0x0000000800000000, ArchiveRelocationMode: 0.
Compressed class space mapped at: 0x0000000800b50000-0x0000000840b50000, size: 1073741824
Narrow klass base: 0x0000000800000000, Narrow klass shift: 3, Narrow klass range: 0x100000000

GC Precious Log:
 CPUs: 4 total, 4 available
 Memory: 3920M
 Large Page Support: Disabled
 NUMA Support: Disabled
 Compressed Oops: Enabled (32-bit)
 Heap Region Size: 1M
 Heap Min Capacity: 8M
 Heap Initial Capacity: 62M
 Heap Max Capacity: 982M
 Pre-touch: Disabled
 Parallel Workers: 4
 Concurrent Workers: 1
 Concurrent Refinement Workers: 4
 Periodic GC: Disabled

Heap:
 garbage-first heap   total 102400K, used 40361K [0x00000000c2a00000, 0x0000000100000000)
  region size 1024K, 1 young (1024K), 1 survivors (1024K)
 Metaspace       used 30508K, capacity 31052K, committed 31280K, reserved 1077248K
  class space    used 3937K, capacity 4132K, committed 4224K, reserved 1048576K

Heap Regions: E=young(eden), S=young(survivor), O=old, HS=humongous(starts), HC=humongous(continues), CS=collection set, F=free, OA=open archive, CA=closed archive, TAMS=top-at-mark-start (previous, next)
|   0|0x00000000c2a00000, 0x00000000c2b00000, 0x00000000c2b00000|100%|HS|  |TAMS 0x00000000c2b00000, 0x00000000c2b00000| Complete 
|   1|0x00000000c2b00000, 0x00000000c2c00000, 0x00000000c2c00000|100%| O|  |TAMS 0x00000000c2c00000, 0x00000000c2c00000| Untracked 
|   2|0x00000000c2c00000, 0x00000000c2d00000, 0x00000000c2d00000|100%| O|  |TAMS 0x00000000c2d00000, 0x00000000c2d00000| Untracked 
|   3|0x00000000c2d00000, 0x00000000c2e00000, 0x00000000c2e00000|100%| O|  |TAMS 0x00000000c2e00000, 0x00000000c2e00000| Untracked 
|   4|0x00000000c2e00000, 0x00000000c2f00000, 0x00000000c2f00000|100%| O|  |TAMS 0x00000000c2f00000, 0x00000000c2f00000| Untracked 
|   5|0x00000000c2f00000, 0x00000000c3000000, 0x00000000c3000000|100%| O|  |TAMS 0x00000000c3000000, 0x00000000c3000000| Untracked 
|   6|0x00000000c3000000, 0x00000000c3100000, 0x00000000c3100000|100%| O|  |TAMS 0x00000000c3100000, 0x00000000c3100000| Untracked 
|   7|0x00000000c3100000, 0x00000000c3200000, 0x00000000c3200000|100%| O|  |TAMS 0x00000000c3200000, 0x00000000c3200000| Untracked 
|   8|0x00000000c3200000, 0x00000000c3300000, 0x00000000c3300000|100%| O|  |TAMS 0x00000000c3300000, 0x00000000c3300000| Untracked 
|   9|0x00000000c3300000, 0x00000000c3400000, 0x00000000c3400000|100%| O|  |TAMS 0x00000000c3400000, 0x00000000c3400000| Untracked 
|  10|0x00000000c3400000, 0x00000000c343e000, 0x00000000c3500000| 24%| O|  |TAMS 0x00000000c343e000, 0x00000000c343e000| Untracked 
|  11|0x00000000c3500000, 0x00000000c3600000, 0x00000000c3600000|100%| O|  |TAMS 0x00000000c3600000, 0x00000000c3600000| Untracked 
|  12|0x00000000c3600000, 0x00000000c3700000, 0x00000000c3700000|100%| O|  |TAMS 0x00000000c3700000, 0x00000000c3700000| Untracked 
|  13|0x00000000c3700000, 0x00000000c3800000, 0x00000000c3800000|100%| O|  |TAMS 0x00000000c3800000, 0x00000000c3800000| Untracked 
|  14|0x00000000c3800000, 0x00000000c3900000, 0x00000000c3900000|100%| O|  |TAMS 0x00000000c3900000, 0x00000000c3900000| Untracked 
|  15|0x00000000c3900000, 0x00000000c3a00000, 0x00000000c3a00000|100%| O|  |TAMS 0x00000000c3a00000, 0x00000000c3a00000| Untracked 
|  16|0x00000000c3a00000, 0x00000000c3b00000, 0x00000000c3b00000|100%| O|  |TAMS 0x00000000c3b00000, 0x00000000c3b00000| Untracked 
|  17|0x00000000c3b00000, 0x00000000c3c00000, 0x00000000c3c00000|100%| O|  |TAMS 0x00000000c3c00000, 0x00000000c3c00000| Untracked 
|  18|0x00000000c3c00000, 0x00000000c3d00000, 0x00000000c3d00000|100%| O|  |TAMS 0x00000000c3d00000, 0x00000000c3d00000| Untracked 
|  19|0x00000000c3d00000, 0x00000000c3e00000, 0x00000000c3e00000|100%| O|  |TAMS 0x00000000c3e00000, 0x00000000c3e00000| Untracked 
|  20|0x00000000c3e00000, 0x00000000c3f00000, 0x00000000c3f00000|100%| O|  |TAMS 0x00000000c3f00000, 0x00000000c3f00000| Untracked 
|  21|0x00000000c3f00000, 0x00000000c4000000, 0x00000000c4000000|100%| O|  |TAMS 0x00000000c4000000, 0x00000000c4000000| Untracked 
|  22|0x00000000c4000000, 0x00000000c4100000, 0x00000000c4100000|100%| O|  |TAMS 0x00000000c4100000, 0x00000000c4100000| Untracked 
|  23|0x00000000c4100000, 0x00000000c4200000, 0x00000000c4200000|100%| O|  |TAMS 0x00000000c4200000, 0x00000000c4200000| Untracked 
|  24|0x00000000c4200000, 0x00000000c4300000, 0x00000000c4300000|100%| O|  |TAMS 0x00000000c4300000, 0x00000000c4300000| Untracked 
|  25|0x00000000c4300000, 0x00000000c4400000, 0x00000000c4400000|100%| O|  |TAMS 0x00000000c4400000, 0x00000000c4400000| Untracked 
|  26|0x00000000c4400000, 0x00000000c4500000, 0x00000000c4500000|100%| O|  |TAMS 0x00000000c4500000, 0x00000000c4500000| Untracked 
|  27|0x00000000c4500000, 0x00000000c4600000, 0x00000000c4600000|100%| O|  |TAMS 0x00000000c4600000, 0x00000000c4600000| Untracked 
|  28|0x00000000c4600000, 0x00000000c4700000, 0x00000000c4700000|100%| O|  |TAMS 0x00000000c4700000, 0x00000000c4700000| Untracked 
|  29|0x00000000c4700000, 0x00000000c4800000, 0x00000000c4800000|100%| O|  |TAMS 0x00000000c4800000, 0x00000000c4800000| Untracked 
|  30|0x00000000c4800000, 0x00000000c4900000, 0x00000000c4900000|100%| O|  |TAMS 0x00000000c4900000, 0x00000000c4900000| Untracked 
|  31|0x00000000c4900000, 0x00000000c4a00000, 0x00000000c4a00000|100%| O|  |TAMS 0x00000000c4a00000, 0x00000000c4a00000| Untracked 
|  32|0x00000000c4a00000, 0x00000000c4b00000, 0x00000000c4b00000|100%| O|  |TAMS 0x00000000c4b00000, 0x00000000c4b00000| Untracked 
|  33|0x00000000c4b00000, 0x00000000c4c00000, 0x00000000c4c00000|100%| O|  |TAMS 0x00000000c4c00000, 0x00000000c4c00000| Untracked 
|  34|0x00000000c4c00000, 0x00000000c4d00000, 0x00000000c4d00000|100%| O|  |TAMS 0x00000000c4cee000, 0x00000000c4d00000| Untracked 
|  35|0x00000000c4d00000, 0x00000000c4e00000, 0x00000000c4e00000|100%| O|  |TAMS 0x00000000c4d00000, 0x00000000c4e00000| Untracked 
|  36|0x00000000c4e00000, 0x00000000c4f00000, 0x00000000c4f00000|100%| O|  |TAMS 0x00000000c4e00000, 0x00000000c4f00000| Untracked 
|  37|0x00000000c4f00000, 0x00000000c5000000, 0x00000000c5000000|100%| O|  |TAMS 0x00000000c4f00000, 0x00000000c5000000| Untracked 
|  38|0x00000000c5000000, 0x00000000c5100000, 0x00000000c5100000|100%| O|  |TAMS 0x00000000c5000000, 0x00000000c5100000| Untracked 
|  39|0x00000000c5100000, 0x00000000c51c0400, 0x00000000c5200000| 75%| O|  |TAMS 0x00000000c5100000, 0x00000000c51c0400| Untracked 
|  40|0x00000000c5200000, 0x00000000c5200000, 0x00000000c5300000|  0%| F|  |TAMS 0x00000000c5200000, 0x00000000c5200000| Untracked 
|  41|0x00000000c5300000, 0x00000000c5300000, 0x00000000c5400000|  0%| F|  |TAMS 0x00000000c5300000, 0x00000000c5300000| Untracked 
|  42|0x00000000c5400000, 0x00000000c5400000, 0x00000000c5500000|  0%| F|  |TAMS 0x00000000c5400000, 0x00000000c5400000| Untracked 
|  43|0x00000000c5500000, 0x00000000c5500000, 0x00000000c5600000|  0%| F|  |TAMS 0x00000000c5500000, 0x00000000c5500000| Untracked 
|  44|0x00000000c5600000, 0x00000000c5600000, 0x00000000c5700000|  0%| F|  |TAMS 0x00000000c5600000, 0x00000000c5600000| Untracked 
|  45|0x00000000c5700000, 0x00000000c5700000, 0x00000000c5800000|  0%| F|  |TAMS 0x00000000c5700000, 0x00000000c5700000| Untracked 
|  46|0x00000000c5800000, 0x00000000c5800000, 0x00000000c5900000|  0%| F|  |TAMS 0x00000000c5800000, 0x00000000c5800000| Untracked 
|  47|0x00000000c5900000, 0x00000000c5900000, 0x00000000c5a00000|  0%| F|  |TAMS 0x00000000c5900000, 0x00000000c5900000| Untracked 
|  48|0x00000000c5a00000, 0x00000000c5a00000, 0x00000000c5b00000|  0%| F|  |TAMS 0x00000000c5a00000, 0x00000000c5a00000| Untracked 
|  49|0x00000000c5b00000, 0x00000000c5b00000, 0x00000000c5c00000|  0%| F|  |TAMS 0x00000000c5b00000, 0x00000000c5b00000| Untracked 
|  50|0x00000000c5c00000, 0x00000000c5c00000, 0x00000000c5d00000|  0%| F|  |TAMS 0x00000000c5c00000, 0x00000000c5c00000| Untracked 
|  51|0x00000000c5d00000, 0x00000000c5d00000, 0x00000000c5e00000|  0%| F|  |TAMS 0x00000000c5d00000, 0x00000000c5d00000| Untracked 
|  52|0x00000000c5e00000, 0x00000000c5e00000, 0x00000000c5f00000|  0%| F|  |TAMS 0x00000000c5e00000, 0x00000000c5e00000| Untracked 
|  53|0x00000000c5f00000, 0x00000000c5f6c1f8, 0x00000000c6000000| 42%| S|CS|TAMS 0x00000000c5f00000, 0x00000000c5f00000| Complete 
|  54|0x00000000c6000000, 0x00000000c6000000, 0x00000000c6100000|  0%| F|  |TAMS 0x00000000c6000000, 0x00000000c6000000| Untracked 
|  55|0x00000000c6100000, 0x00000000c6100000, 0x00000000c6200000|  0%| F|  |TAMS 0x00000000c6100000, 0x00000000c6100000| Untracked 
|  56|0x00000000c6200000, 0x00000000c6200000, 0x00000000c6300000|  0%| F|  |TAMS 0x00000000c6200000, 0x00000000c6200000| Untracked 
|  57|0x00000000c6300000, 0x00000000c6300000, 0x00000000c6400000|  0%| F|  |TAMS 0x00000000c6300000, 0x00000000c6300000| Untracked 
|  58|0x00000000c6400000, 0x00000000c6400000, 0x00000000c6500000|  0%| F|  |TAMS 0x00000000c6400000, 0x00000000c6400000| Untracked 
|  59|0x00000000c6500000, 0x00000000c6500000, 0x00000000c6600000|  0%| F|  |TAMS 0x00000000c6500000, 0x00000000c6500000| Untracked 
|  60|0x00000000c6600000, 0x00000000c6600000, 0x00000000c6700000|  0%| F|  |TAMS 0x00000000c6600000, 0x00000000c6600000| Untracked 
|  61|0x00000000c6700000, 0x00000000c6700000, 0x00000000c6800000|  0%| F|  |TAMS 0x00000000c6700000, 0x00000000c6700000| Untracked 
|  62|0x00000000c6800000, 0x00000000c6800000, 0x00000000c6900000|  0%| F|  |TAMS 0x00000000c6800000, 0x00000000c6800000| Untracked 
|  63|0x00000000c6900000, 0x00000000c6900000, 0x00000000c6a00000|  0%| F|  |TAMS 0x00000000c6900000, 0x00000000c6900000| Untracked 
|  64|0x00000000c6a00000, 0x00000000c6a00000, 0x00000000c6b00000|  0%| F|  |TAMS 0x00000000c6a00000, 0x00000000c6a00000| Untracked 
|  65|0x00000000c6b00000, 0x00000000c6b00000, 0x00000000c6c00000|  0%| F|  |TAMS 0x00000000c6b00000, 0x00000000c6b00000| Untracked 
|  66|0x00000000c6c00000, 0x00000000c6c00000, 0x00000000c6d00000|  0%| F|  |TAMS 0x00000000c6c00000, 0x00000000c6c00000| Untracked 
|  67|0x00000000c6d00000, 0x00000000c6d00000, 0x00000000c6e00000|  0%| F|  |TAMS 0x00000000c6d00000, 0x00000000c6d00000| Untracked 
|  68|0x00000000c6e00000, 0x00000000c6e00000, 0x00000000c6f00000|  0%| F|  |TAMS 0x00000000c6e00000, 0x00000000c6e00000| Untracked 
|  69|0x00000000c6f00000, 0x00000000c6f00000, 0x00000000c7000000|  0%| F|  |TAMS 0x00000000c6f00000, 0x00000000c6f00000| Untracked 
|  70|0x00000000c7000000, 0x00000000c7000000, 0x00000000c7100000|  0%| F|  |TAMS 0x00000000c7000000, 0x00000000c7000000| Untracked 
|  71|0x00000000c7100000, 0x00000000c7100000, 0x00000000c7200000|  0%| F|  |TAMS 0x00000000c7100000, 0x00000000c7100000| Untracked 
|  72|0x00000000c7200000, 0x00000000c7200000, 0x00000000c7300000|  0%| F|  |TAMS 0x00000000c7200000, 0x00000000c7200000| Untracked 
|  73|0x00000000c7300000, 0x00000000c7300000, 0x00000000c7400000|  0%| F|  |TAMS 0x00000000c7300000, 0x00000000c7300000| Untracked 
|  74|0x00000000c7400000, 0x00000000c7400000, 0x00000000c7500000|  0%| F|  |TAMS 0x00000000c7400000, 0x00000000c7400000| Untracked 
|  75|0x00000000c7500000, 0x00000000c7500000, 0x00000000c7600000|  0%| F|  |TAMS 0x00000000c7500000, 0x00000000c7500000| Untracked 
|  76|0x00000000c7600000, 0x00000000c7600000, 0x00000000c7700000|  0%| F|  |TAMS 0x00000000c7600000, 0x00000000c7600000| Untracked 
|  77|0x00000000c7700000, 0x00000000c7700000, 0x00000000c7800000|  0%| F|  |TAMS 0x00000000c7700000, 0x00000000c7700000| Untracked 
|  78|0x00000000c7800000, 0x00000000c7800000, 0x00000000c7900000|  0%| F|  |TAMS 0x00000000c7800000, 0x00000000c7800000| Untracked 

Card table byte_map: [0x000001e27bb30000,0x000001e27bd20000] _byte_map_base: 0x000001e27b51b000

Marking Bits (Prev, Next): (CMBitMap*) 0x000001e264768af0, (CMBitMap*) 0x000001e264768ab0
 Prev Bits: [0x000001e27ce70000, 0x000001e27ddc8000)
 Next Bits: [0x000001e27bf10000, 0x000001e27ce68000)

Polling page: 0x000001e262530000

Metaspace:

Usage:
  Non-class:     26.29 MB capacity,    25.95 MB ( 99%) used,   300.53 KB (  1%) free+waste,    48.44 KB ( <1%) overhead. 
      Class:      4.04 MB capacity,     3.85 MB ( 95%) used,   174.38 KB (  4%) free+waste,    20.19 KB ( <1%) overhead. 
       Both:     30.32 MB capacity,    29.79 MB ( 98%) used,   474.91 KB (  2%) free+waste,    68.63 KB ( <1%) overhead. 

Virtual space:
  Non-class space:       28.00 MB reserved,      26.42 MB ( 94%) committed 
      Class space:        1.00 GB reserved,       4.13 MB ( <1%) committed 
             Both:        1.03 GB reserved,      30.55 MB (  3%) committed 

Chunk freelists:
   Non-Class:  8.00 KB
       Class:  28.00 KB
        Both:  36.00 KB

MaxMetaspaceSize: 17179869184.00 GB
CompressedClassSpaceSize: 1.00 GB

CodeHeap 'non-profiled nmethods': size=238912Kb used=6255Kb max_used=6255Kb free=232656Kb
 bounds [0x000001e26cff0000, 0x000001e26d610000, 0x000001e27b940000]
CodeHeap 'non-nmethods': size=6848Kb used=1239Kb max_used=1239Kb free=5608Kb
 bounds [0x000001e26c940000, 0x000001e26cbb0000, 0x000001e26cff0000]
 total_blobs=4476 nmethods=3958 adapters=445
 compilation: enabled
              stopped_count=0, restarted_count=0
 full_count=0

Compilation events (20 events):
Event: 40.307 Thread 0x000001e20028bfe0 3955   !   1       java.io.ObjectInputStream$BlockDataInputStream::readUTFSpan (502 bytes)
Event: 40.310 Thread 0x000001e20028bfe0 nmethod 3955 0x000001e26d606290 code [0x000001e26d6064e0, 0x000001e26d606d48]
Event: 40.310 Thread 0x000001e20028bfe0 3956       1       java.io.ObjectOutputStream::writeUTF (9 bytes)
Event: 40.310 Thread 0x000001e20028bfe0 nmethod 3956 0x000001e26d607690 code [0x000001e26d607840, 0x000001e26d607958]
Event: 40.310 Thread 0x000001e20028bfe0 3957       1       java.io.ObjectOutputStream$BlockDataOutputStream::writeUTF (11 bytes)
Event: 40.311 Thread 0x000001e20028bfe0 nmethod 3957 0x000001e26d607a10 code [0x000001e26d607bc0, 0x000001e26d607cd8]
Event: 40.312 Thread 0x000001e20028bfe0 3958   !   1       java.io.ObjectOutputStream::defaultWriteFields (288 bytes)
Event: 40.315 Thread 0x000001e20028bfe0 nmethod 3958 0x000001e26d607d90 code [0x000001e26d607fc0, 0x000001e26d6086b8]
Event: 40.315 Thread 0x000001e20028bfe0 3960       1       java.io.ObjectStreamClass::isExternalizable (9 bytes)
Event: 40.315 Thread 0x000001e20028bfe0 nmethod 3960 0x000001e26d608c10 code [0x000001e26d608dc0, 0x000001e26d608f48]
Event: 40.315 Thread 0x000001e20028bfe0 3961       1       java.io.ObjectStreamClass::getClassDataLayout (20 bytes)
Event: 40.316 Thread 0x000001e20028bfe0 nmethod 3961 0x000001e26d609010 code [0x000001e26d6091a0, 0x000001e26d6092e8]
Event: 40.316 Thread 0x000001e20028bfe0 3962       1       java.io.ObjectStreamClass::hasWriteObjectMethod (17 bytes)
Event: 40.317 Thread 0x000001e20028bfe0 nmethod 3962 0x000001e26d609390 code [0x000001e26d609540, 0x000001e26d6096c8]
Event: 40.317 Thread 0x000001e20028bfe0 3959       1       java.io.ObjectStreamClass::isRecord (9 bytes)
Event: 40.317 Thread 0x000001e20028bfe0 nmethod 3959 0x000001e26d609790 code [0x000001e26d609940, 0x000001e26d609ac8]
Event: 40.635 Thread 0x000001e20028bfe0 3963       1       org.springframework.asm.ClassReader::readConst (276 bytes)
Event: 40.640 Thread 0x000001e20028bfe0 nmethod 3963 0x000001e26d609b90 code [0x000001e26d609ea0, 0x000001e26d60af18]
Event: 40.873 Thread 0x000001e20028bfe0 3964       1       org.springframework.core.type.classreading.MergedAnnotationReadingVisitor$ArrayVisitor::visit (27 bytes)
Event: 40.873 Thread 0x000001e20028bfe0 nmethod 3964 0x000001e26d60b910 code [0x000001e26d60bac0, 0x000001e26d60bc58]

GC Heap History (20 events):
Event: 36.128 GC heap after
{Heap after GC invocations=19 (full 0):
 garbage-first heap   total 51200K, used 24803K [0x00000000c2a00000, 0x0000000100000000)
  region size 1024K, 2 young (2048K), 2 survivors (2048K)
 Metaspace       used 30209K, capacity 30621K, committed 30896K, reserved 1077248K
  class space    used 3888K, capacity 4043K, committed 4096K, reserved 1048576K
}
Event: 36.408 GC heap before
{Heap before GC invocations=19 (full 0):
 garbage-first heap   total 51200K, used 40163K [0x00000000c2a00000, 0x0000000100000000)
  region size 1024K, 17 young (17408K), 2 survivors (2048K)
 Metaspace       used 30398K, capacity 30892K, committed 31024K, reserved 1077248K
  class space    used 3922K, capacity 4100K, committed 4224K, reserved 1048576K
}
Event: 36.418 GC heap after
{Heap after GC invocations=20 (full 0):
 garbage-first heap   total 51200K, used 26456K [0x00000000c2a00000, 0x0000000100000000)
  region size 1024K, 2 young (2048K), 2 survivors (2048K)
 Metaspace       used 30398K, capacity 30892K, committed 31024K, reserved 1077248K
  class space    used 3922K, capacity 4100K, committed 4224K, reserved 1048576K
}
Event: 36.799 GC heap before
{Heap before GC invocations=21 (full 0):
 garbage-first heap   total 55296K, used 39768K [0x00000000c2a00000, 0x0000000100000000)
  region size 1024K, 15 young (15360K), 2 survivors (2048K)
 Metaspace       used 30398K, capacity 30892K, committed 31024K, reserved 1077248K
  class space    used 3922K, capacity 4100K, committed 4224K, reserved 1048576K
}
Event: 36.806 GC heap after
{Heap after GC invocations=22 (full 0):
 garbage-first heap   total 55296K, used 27851K [0x00000000c2a00000, 0x0000000100000000)
  region size 1024K, 2 young (2048K), 2 survivors (2048K)
 Metaspace       used 30398K, capacity 30892K, committed 31024K, reserved 1077248K
  class space    used 3922K, capacity 4100K, committed 4224K, reserved 1048576K
}
Event: 37.098 GC heap before
{Heap before GC invocations=22 (full 0):
 garbage-first heap   total 55296K, used 43211K [0x00000000c2a00000, 0x0000000100000000)
  region size 1024K, 17 young (17408K), 2 survivors (2048K)
 Metaspace       used 30404K, capacity 30892K, committed 31024K, reserved 1077248K
  class space    used 3923K, capacity 4100K, committed 4224K, reserved 1048576K
}
Event: 37.105 GC heap after
{Heap after GC invocations=23 (full 0):
 garbage-first heap   total 55296K, used 29367K [0x00000000c2a00000, 0x0000000100000000)
  region size 1024K, 3 young (3072K), 3 survivors (3072K)
 Metaspace       used 30404K, capacity 30892K, committed 31024K, reserved 1077248K
  class space    used 3923K, capacity 4100K, committed 4224K, reserved 1048576K
}
Event: 37.588 GC heap before
{Heap before GC invocations=24 (full 0):
 garbage-first heap   total 61440K, used 43703K [0x00000000c2a00000, 0x0000000100000000)
  region size 1024K, 17 young (17408K), 3 survivors (3072K)
 Metaspace       used 30404K, capacity 30892K, committed 31024K, reserved 1077248K
  class space    used 3923K, capacity 4100K, committed 4224K, reserved 1048576K
}
Event: 37.596 GC heap after
{Heap after GC invocations=25 (full 0):
 garbage-first heap   total 61440K, used 30831K [0x00000000c2a00000, 0x0000000100000000)
  region size 1024K, 2 young (2048K), 2 survivors (2048K)
 Metaspace       used 30404K, capacity 30892K, committed 31024K, reserved 1077248K
  class space    used 3923K, capacity 4100K, committed 4224K, reserved 1048576K
}
Event: 37.854 GC heap before
{Heap before GC invocations=25 (full 0):
 garbage-first heap   total 61440K, used 48239K [0x00000000c2a00000, 0x0000000100000000)
  region size 1024K, 19 young (19456K), 2 survivors (2048K)
 Metaspace       used 30404K, capacity 30892K, committed 31024K, reserved 1077248K
  class space    used 3923K, capacity 4100K, committed 4224K, reserved 1048576K
}
Event: 37.861 GC heap after
{Heap after GC invocations=26 (full 0):
 garbage-first heap   total 73728K, used 32508K [0x00000000c2a00000, 0x0000000100000000)
  region size 1024K, 3 young (3072K), 3 survivors (3072K)
 Metaspace       used 30404K, capacity 30892K, committed 31024K, reserved 1077248K
  class space    used 3923K, capacity 4100K, committed 4224K, reserved 1048576K
}
Event: 38.250 GC heap before
{Heap before GC invocations=27 (full 0):
 garbage-first heap   total 73728K, used 57084K [0x00000000c2a00000, 0x0000000100000000)
  region size 1024K, 27 young (27648K), 3 survivors (3072K)
 Metaspace       used 30404K, capacity 30892K, committed 31024K, reserved 1077248K
  class space    used 3923K, capacity 4100K, committed 4224K, reserved 1048576K
}
Event: 38.264 GC heap after
{Heap after GC invocations=28 (full 0):
 garbage-first heap   total 73728K, used 35013K [0x00000000c2a00000, 0x0000000100000000)
  region size 1024K, 4 young (4096K), 4 survivors (4096K)
 Metaspace       used 30404K, capacity 30892K, committed 31024K, reserved 1077248K
  class space    used 3923K, capacity 4100K, committed 4224K, reserved 1048576K
}
Event: 38.551 GC heap before
{Heap before GC invocations=28 (full 0):
 garbage-first heap   total 73728K, used 58565K [0x00000000c2a00000, 0x0000000100000000)
  region size 1024K, 27 young (27648K), 4 survivors (4096K)
 Metaspace       used 30404K, capacity 30892K, committed 31024K, reserved 1077248K
  class space    used 3923K, capacity 4100K, committed 4224K, reserved 1048576K
}
Event: 38.569 GC heap after
{Heap after GC invocations=29 (full 0):
 garbage-first heap   total 73728K, used 37842K [0x00000000c2a00000, 0x0000000100000000)
  region size 1024K, 3 young (3072K), 3 survivors (3072K)
 Metaspace       used 30404K, capacity 30892K, committed 31024K, reserved 1077248K
  class space    used 3923K, capacity 4100K, committed 4224K, reserved 1048576K
}
Event: 38.885 GC heap before
{Heap before GC invocations=29 (full 0):
 garbage-first heap   total 73728K, used 58322K [0x00000000c2a00000, 0x0000000100000000)
  region size 1024K, 23 young (23552K), 3 survivors (3072K)
 Metaspace       used 30406K, capacity 30892K, committed 31024K, reserved 1077248K
  class space    used 3924K, capacity 4100K, committed 4224K, reserved 1048576K
}
Event: 38.896 GC heap after
{Heap after GC invocations=30 (full 0):
 garbage-first heap   total 73728K, used 40038K [0x00000000c2a00000, 0x0000000100000000)
  region size 1024K, 3 young (3072K), 3 survivors (3072K)
 Metaspace       used 30406K, capacity 30892K, committed 31024K, reserved 1077248K
  class space    used 3924K, capacity 4100K, committed 4224K, reserved 1048576K
}
Event: 39.649 GC heap before
{Heap before GC invocations=31 (full 0):
 garbage-first heap   total 80896K, used 58470K [0x00000000c2a00000, 0x0000000100000000)
  region size 1024K, 21 young (21504K), 3 survivors (3072K)
 Metaspace       used 30479K, capacity 30956K, committed 31280K, reserved 1077248K
  class space    used 3931K, capacity 4100K, committed 4224K, reserved 1048576K
}
Event: 39.656 GC heap after
{Heap after GC invocations=32 (full 0):
 garbage-first heap   total 80896K, used 40474K [0x00000000c2a00000, 0x0000000100000000)
  region size 1024K, 1 young (1024K), 1 survivors (1024K)
 Metaspace       used 30479K, capacity 30956K, committed 31280K, reserved 1077248K
  class space    used 3931K, capacity 4100K, committed 4224K, reserved 1048576K
}
Event: 40.973 GC heap before
{Heap before GC invocations=32 (full 0):
 garbage-first heap   total 80896K, used 65050K [0x00000000c2a00000, 0x0000000100000000)
  region size 1024K, 25 young (25600K), 1 survivors (1024K)
 Metaspace       used 30508K, capacity 31052K, committed 31280K, reserved 1077248K
  class space    used 3937K, capacity 4132K, committed 4224K, reserved 1048576K
}

Deoptimization events (2 events):
Event: 23.413 Thread 0x000001e2017acd80 DEOPT PACKING pc=0x000001e26d2c6254 sp=0x00000059bf5fcf60
Event: 23.413 Thread 0x000001e2017acd80 DEOPT UNPACKING pc=0x000001e26c98df30 sp=0x00000059bf5fc4b8 mode 0

Classes unloaded (0 events):
No events

Classes redefined (0 events):
No events

Internal exceptions (20 events):
Event: 31.507 Thread 0x000001e2017acd80 Exception <a 'java/lang/NoSuchMethodError'{0x00000000c5230458}: 'void java.lang.invoke.DirectMethodHandle$Holder.invokeVirtual(java.lang.Object, java.lang.Object, java.lang.Object, java.lang.Object)'> (0x00000000c5230458) 
thrown [./open/src/hotspot/share/interpreter/linkResolver.cpp, line 782]
Event: 32.802 Thread 0x000001e2017acd80 Exception <a 'java/lang/NoSuchMethodError'{0x00000000c49e1618}: 'java.lang.Object java.lang.invoke.DirectMethodHandle$Holder.invokeStaticInit(java.lang.Object, java.lang.Object, java.lang.Object, java.lang.Object)'> (0x00000000c49e1618) 
thrown [./open/src/hotspot/share/interpreter/linkResolver.cpp, line 782]
Event: 33.098 Thread 0x000001e2017acd80 Exception <a 'java/lang/NoSuchMethodError'{0x00000000c479c4b8}: 'int java.lang.invoke.DirectMethodHandle$Holder.invokeVirtual(java.lang.Object, java.lang.Object, java.lang.Object)'> (0x00000000c479c4b8) 
thrown [./open/src/hotspot/share/interpreter/linkResolver.cpp, line 782]
Event: 33.459 Thread 0x000001e2017acd80 Exception <a 'java/lang/NoSuchMethodError'{0x00000000c45e73c0}: 'void java.lang.invoke.DirectMethodHandle$Holder.invokeVirtual(java.lang.Object, java.lang.Object)'> (0x00000000c45e73c0) 
thrown [./open/src/hotspot/share/interpreter/linkResolver.cpp, line 782]
Event: 34.456 Thread 0x000001e2017acd80 Exception <a 'java/io/FileNotFoundException'{0x00000000c53f1068}> (0x00000000c53f1068) 
thrown [./open/src/hotspot/share/prims/jni.cpp, line 578]
Event: 34.456 Thread 0x000001e2017acd80 Exception <a 'java/io/FileNotFoundException'{0x00000000c53f2b10}> (0x00000000c53f2b10) 
thrown [./open/src/hotspot/share/prims/jni.cpp, line 578]
Event: 34.458 Thread 0x000001e2017acd80 Exception <a 'java/io/FileNotFoundException'{0x00000000c53fa5f8}> (0x00000000c53fa5f8) 
thrown [./open/src/hotspot/share/prims/jni.cpp, line 578]
Event: 34.459 Thread 0x000001e2017acd80 Exception <a 'java/io/FileNotFoundException'{0x00000000c53fbae8}> (0x00000000c53fbae8) 
thrown [./open/src/hotspot/share/prims/jni.cpp, line 578]
Event: 36.101 Thread 0x000001e204193d60 Exception <a 'java/lang/NoSuchMethodError'{0x00000000c4dcead8}: static [B.<clinit>()V> (0x00000000c4dcead8) 
thrown [./open/src/hotspot/share/prims/jni.cpp, line 1204]
Event: 36.169 Thread 0x000001e204193d60 Exception <a 'java/lang/ClassNotFoundException'{0x00000000c5ca2c58}: javax/management/remote/rmi/RMIConnectionImpl_Skel> (0x00000000c5ca2c58) 
thrown [./open/src/hotspot/share/classfile/systemDictionary.cpp, line 295]
Event: 36.171 Thread 0x000001e204191bb0 Exception <a 'java/lang/NoSuchMethodError'{0x00000000c5bb4b00}: 'java.lang.Object java.lang.invoke.Invokers$Holder.linkToTargetMethod(java.lang.Object, long, java.lang.Object)'> (0x00000000c5bb4b00) 
thrown [./open/src/hotspot/share/interpreter/linkResolver.cpp, line 782]
Event: 36.309 Thread 0x000001e204193d60 Exception <a 'java/lang/reflect/InvocationTargetException'{0x00000000c519a868}> (0x00000000c519a868) 
thrown [./open/src/hotspot/share/runtime/reflection.cpp, line 1157]
Event: 36.323 Thread 0x000001e204193d60 Exception <a 'java/lang/NoSuchMethodError'{0x00000000c505d558}: static [Ljava/lang/StackTraceElement;.<clinit>()V> (0x00000000c505d558) 
thrown [./open/src/hotspot/share/prims/jni.cpp, line 1204]
Event: 37.405 Thread 0x000001e204193d60 Exception <a 'java/lang/reflect/InvocationTargetException'{0x00000000c62dcf10}> (0x00000000c62dcf10) 
thrown [./open/src/hotspot/share/runtime/reflection.cpp, line 1157]
Event: 37.942 Thread 0x000001e204193d60 Exception <a 'java/lang/reflect/InvocationTargetException'{0x00000000c6efc5c8}> (0x00000000c6efc5c8) 
thrown [./open/src/hotspot/share/runtime/reflection.cpp, line 1157]
Event: 38.467 Thread 0x000001e204193d60 Exception <a 'java/lang/reflect/InvocationTargetException'{0x00000000c62f22d8}> (0x00000000c62f22d8) 
thrown [./open/src/hotspot/share/runtime/reflection.cpp, line 1157]
Event: 39.001 Thread 0x000001e204193d60 Exception <a 'java/lang/reflect/InvocationTargetException'{0x00000000c6f661b0}> (0x00000000c6f661b0) 
thrown [./open/src/hotspot/share/runtime/reflection.cpp, line 1157]
Event: 39.531 Thread 0x000001e204193d60 Exception <a 'java/lang/reflect/InvocationTargetException'{0x00000000c6a91480}> (0x00000000c6a91480) 
thrown [./open/src/hotspot/share/runtime/reflection.cpp, line 1157]
Event: 40.307 Thread 0x000001e204193d60 Exception <a 'java/lang/reflect/InvocationTargetException'{0x00000000c6ffadb8}> (0x00000000c6ffadb8) 
thrown [./open/src/hotspot/share/runtime/reflection.cpp, line 1157]
Event: 40.871 Thread 0x000001e204193d60 Exception <a 'java/lang/reflect/InvocationTargetException'{0x00000000c63ff0f0}> (0x00000000c63ff0f0) 
thrown [./open/src/hotspot/share/runtime/reflection.cpp, line 1157]

Events (20 events):
Event: 39.069 Executing VM operation: HandshakeAllThreads done
Event: 39.154 Executing VM operation: G1Concurrent
Event: 39.154 Executing VM operation: G1Concurrent done
Event: 39.413 loading class java/util/concurrent/CompletableFuture
Event: 39.416 loading class java/util/concurrent/CompletionStage
Event: 39.417 loading class java/util/concurrent/CompletionStage done
Event: 39.418 loading class java/util/concurrent/CompletableFuture done
Event: 39.518 Thread 0x000001e204195a40 Thread added: 0x000001e204195a40
Event: 39.536 Thread 0x000001e204195a40 Thread exited: 0x000001e204195a40
Event: 39.649 Executing VM operation: G1CollectForAllocation
Event: 39.656 Executing VM operation: G1CollectForAllocation done
Event: 39.656 Executing VM operation: HandshakeAllThreads
Event: 39.656 Executing VM operation: HandshakeAllThreads done
Event: 40.296 Thread 0x000001e2041903a0 Thread added: 0x000001e2041903a0
Event: 40.451 Thread 0x000001e2041903a0 Thread exited: 0x000001e2041903a0
Event: 40.680 Executing VM operation: HandshakeAllThreads
Event: 40.683 Executing VM operation: HandshakeAllThreads done
Event: 40.850 Thread 0x000001e204192ef0 Thread added: 0x000001e204192ef0
Event: 40.880 Thread 0x000001e204192ef0 Thread exited: 0x000001e204192ef0
Event: 40.972 Executing VM operation: G1CollectForAllocation


Dynamic libraries:
0x00007ff6d9f50000 - 0x00007ff6d9f5d000 	C:\Users\User\.jdks\openjdk-15.0.1\bin\java.exe
0x00007ffe03ac0000 - 0x00007ffe03cb0000 	C:\Windows\SYSTEM32\ntdll.dll
0x00007ffe02000000 - 0x00007ffe020b2000 	C:\Windows\System32\KERNEL32.DLL
0x00007ffe00a60000 - 0x00007ffe00d05000 	C:\Windows\System32\KERNELBASE.dll
0x00007ffe00f50000 - 0x00007ffe0104a000 	C:\Windows\System32\ucrtbase.dll
0x00007ffdfa970000 - 0x00007ffdfa988000 	C:\Users\User\.jdks\openjdk-15.0.1\bin\jli.dll
0x00007ffe01e60000 - 0x00007ffe01ff4000 	C:\Windows\System32\USER32.dll
0x00007ffe00a30000 - 0x00007ffe00a51000 	C:\Windows\System32\win32u.dll
0x00007ffe031f0000 - 0x00007ffe03216000 	C:\Windows\System32\GDI32.dll
0x00007ffe00d80000 - 0x00007ffe00f16000 	C:\Windows\System32\gdi32full.dll
0x00007ffe01200000 - 0x00007ffe0129e000 	C:\Windows\System32\msvcp_win.dll
0x00007ffdef960000 - 0x00007ffdef979000 	C:\Users\User\.jdks\openjdk-15.0.1\bin\VCRUNTIME140.dll
0x00007ffde4780000 - 0x00007ffde4a04000 	C:\Windows\WinSxS\amd64_microsoft.windows.common-controls_6595b64144ccf1df_6.0.18362.1256_none_9e7e379be45e40e2\COMCTL32.dll
0x00007ffe02420000 - 0x00007ffe024be000 	C:\Windows\System32\msvcrt.dll
0x00007ffe03220000 - 0x00007ffe03556000 	C:\Windows\System32\combase.dll
0x00007ffe025d0000 - 0x00007ffe026f0000 	C:\Windows\System32\RPCRT4.dll
0x00007ffe01ae0000 - 0x00007ffe01b61000 	C:\Windows\System32\bcryptPrimitives.dll
0x00007ffe039d0000 - 0x00007ffe039fe000 	C:\Windows\System32\IMM32.DLL
0x00007ffdf2e50000 - 0x00007ffdf2e5c000 	C:\Users\User\.jdks\openjdk-15.0.1\bin\vcruntime140_1.dll
0x00007ffddcdb0000 - 0x00007ffddce41000 	C:\Users\User\.jdks\openjdk-15.0.1\bin\msvcp140.dll
0x00007ffdcdbe0000 - 0x00007ffdce73e000 	C:\Users\User\.jdks\openjdk-15.0.1\bin\server\jvm.dll
0x00007ffe02290000 - 0x00007ffe02333000 	C:\Windows\System32\ADVAPI32.dll
0x00007ffe024c0000 - 0x00007ffe02557000 	C:\Windows\System32\sechost.dll
0x00007ffe03a00000 - 0x00007ffe03a08000 	C:\Windows\System32\PSAPI.DLL
0x00007ffded0a0000 - 0x00007ffded0a9000 	C:\Windows\SYSTEM32\WSOCK32.dll
0x00007ffe020c0000 - 0x00007ffe0212f000 	C:\Windows\System32\WS2_32.dll
0x00007ffdfd5a0000 - 0x00007ffdfd5c4000 	C:\Windows\SYSTEM32\WINMM.dll
0x00007ffdf8440000 - 0x00007ffdf844a000 	C:\Windows\SYSTEM32\VERSION.dll
0x00007ffdfd570000 - 0x00007ffdfd59d000 	C:\Windows\SYSTEM32\WINMMBASE.dll
0x00007ffe00d30000 - 0x00007ffe00d7a000 	C:\Windows\System32\cfgmgr32.dll
0x00007ffe00a10000 - 0x00007ffe00a21000 	C:\Windows\System32\kernel.appcore.dll
0x00007ffdef8d0000 - 0x00007ffdef8da000 	C:\Users\User\.jdks\openjdk-15.0.1\bin\jimage.dll
0x00007ffdec520000 - 0x00007ffdec714000 	C:\Windows\SYSTEM32\DBGHELP.DLL
0x00007ffdec4c0000 - 0x00007ffdec4ea000 	C:\Windows\SYSTEM32\dbgcore.DLL
0x00007ffdef0c0000 - 0x00007ffdef0ce000 	C:\Users\User\.jdks\openjdk-15.0.1\bin\instrument.dll
0x00007ffdef090000 - 0x00007ffdef0b5000 	C:\Users\User\.jdks\openjdk-15.0.1\bin\java.dll
0x00007ffe02b00000 - 0x00007ffe031e7000 	C:\Windows\System32\SHELL32.dll
0x00007ffe02350000 - 0x00007ffe023f9000 	C:\Windows\System32\shcore.dll
0x00007ffe01350000 - 0x00007ffe01ad1000 	C:\Windows\System32\windows.storage.dll
0x00007ffe009e0000 - 0x00007ffe00a03000 	C:\Windows\System32\profapi.dll
0x00007ffe00990000 - 0x00007ffe009da000 	C:\Windows\System32\powrprof.dll
0x00007ffe00960000 - 0x00007ffe00970000 	C:\Windows\System32\UMPDC.dll
0x00007ffe029d0000 - 0x00007ffe02a22000 	C:\Windows\System32\shlwapi.dll
0x00007ffe00d10000 - 0x00007ffe00d27000 	C:\Windows\System32\cryptsp.dll
0x00007ffdeee10000 - 0x00007ffdeee28000 	C:\Users\User\.jdks\openjdk-15.0.1\bin\zip.dll
0x00007ffdeecd0000 - 0x00007ffdeece9000 	C:\Users\User\.jdks\openjdk-15.0.1\bin\net.dll
0x00007ffdf8130000 - 0x00007ffdf8220000 	C:\Windows\SYSTEM32\WINHTTP.dll
0x00007ffe00100000 - 0x00007ffe00167000 	C:\Windows\system32\mswsock.dll
0x00007ffde8b70000 - 0x00007ffde8b82000 	C:\Users\User\.jdks\openjdk-15.0.1\bin\nio.dll
0x00007ffde4020000 - 0x00007ffde403a000 	C:\Program Files\JetBrains\IntelliJ IDEA 2020.2.2\bin\breakgen64.dll
0x00007ffdffe60000 - 0x00007ffdfff2b000 	C:\Windows\SYSTEM32\DNSAPI.dll
0x00007ffe02340000 - 0x00007ffe02348000 	C:\Windows\System32\NSI.dll
0x00007ffdffe20000 - 0x00007ffdffe5a000 	C:\Windows\SYSTEM32\IPHLPAPI.DLL
0x00007ffdf9c50000 - 0x00007ffdf9c5a000 	C:\Windows\System32\rasadhlp.dll
0x00007ffdf1110000 - 0x00007ffdf1187000 	C:\Windows\System32\fwpuclnt.dll
0x00007ffe00f20000 - 0x00007ffe00f46000 	C:\Windows\System32\bcrypt.dll
0x00007ffdeecc0000 - 0x00007ffdeecc9000 	C:\Users\User\.jdks\openjdk-15.0.1\bin\management.dll
0x00007ffdee6b0000 - 0x00007ffdee6bb000 	C:\Users\User\.jdks\openjdk-15.0.1\bin\management_ext.dll
0x00007ffdffc80000 - 0x00007ffdffcb3000 	C:\Windows\system32\rsaenh.dll
0x00007ffe00880000 - 0x00007ffe008a5000 	C:\Windows\SYSTEM32\USERENV.dll
0x00007ffe00280000 - 0x00007ffe0028c000 	C:\Windows\SYSTEM32\CRYPTBASE.dll
0x00007ffdf2800000 - 0x00007ffdf2816000 	C:\Windows\SYSTEM32\dhcpcsvc6.DLL
0x00007ffdf26e0000 - 0x00007ffdf26fc000 	C:\Windows\SYSTEM32\dhcpcsvc.DLL
0x00007ffde9ed0000 - 0x00007ffde9ee6000 	C:\Windows\system32\napinsp.dll
0x00007ffde9e90000 - 0x00007ffde9eaa000 	C:\Windows\system32\pnrpnsp.dll
0x00007ffde9e40000 - 0x00007ffde9e4e000 	C:\Windows\System32\winrnr.dll
0x00007ffdfd100000 - 0x00007ffdfd11c000 	C:\Windows\system32\NLAapi.dll
0x00007ffdfbec0000 - 0x00007ffdfbed5000 	C:\Windows\system32\wshbth.dll

dbghelp: loaded successfully - version: 4.0.5 - missing functions: none
symbol engine: initialized successfully - sym options: 0x614 - pdb path: .;C:\Users\User\.jdks\openjdk-15.0.1\bin;C:\Windows\SYSTEM32;C:\Windows\WinSxS\amd64_microsoft.windows.common-controls_6595b64144ccf1df_6.0.18362.1256_none_9e7e379be45e40e2;C:\Users\User\.jdks\openjdk-15.0.1\bin\server;C:\Program Files\JetBrains\IntelliJ IDEA 2020.2.2\bin

VM Arguments:
jvm_args: -Ddebug -XX:TieredStopAtLevel=1 -Xverify:none -Dspring.output.ansi.enabled=always -Dcom.sun.management.jmxremote -Dspring.jmx.enabled=true -Dspring.liveBeansView.mbeanDomain -Dspring.application.admin.enabled=true -javaagent:C:\Program Files\JetBrains\IntelliJ IDEA 2020.2.2\lib\idea_rt.jar=52698:C:\Program Files\JetBrains\IntelliJ IDEA 2020.2.2\bin -Dfile.encoding=UTF-8 
java_command: com.vaadin.tutorial.crm.Application
java_class_path (initial): C:\Users\User\Desktop\Projects\Vaadin project\vaadin-crm\target\classes;C:\Users\User\.m2\repository\com\vaadin\vaadin\14.4.5\vaadin-14.4.5.jar;C:\Users\User\.m2\repository\com\vaadin\vaadin-core\14.4.5\vaadin-core-14.4.5.jar;C:\Users\User\.m2\repository\com\vaadin\flow-server\2.4.4\flow-server-2.4.4.jar;C:\Users\User\.m2\repository\com\vaadin\external\gwt\gwt-elemental\2.8.2.vaadin2\gwt-elemental-2.8.2.vaadin2.jar;C:\Users\User\.m2\repository\commons-fileupload\commons-fileupload\1.3.3\commons-fileupload-1.3.3.jar;C:\Users\User\.m2\repository\com\helger\ph-css\6.1.1\ph-css-6.1.1.jar;C:\Users\User\.m2\repository\com\helger\ph-commons\9.1.2\ph-commons-9.1.2.jar;C:\Users\User\.m2\repository\com\vaadin\external\gentyref\1.2.0.vaadin1\gentyref-1.2.0.vaadin1.jar;C:\Users\User\.m2\repository\com\vaadin\flow-push\2.4.4\flow-push-2.4.4.jar;C:\Users\User\.m2\repository\com\vaadin\external\atmosphere\atmosphere-runtime\2.4.30.slf4jvaadin1\atmosphere-runtime-2.4.30.slf4jvaadin1.jar;C:\Users\User\.m2\repository\com\vaadin\flow-client\2.4.4\flow-client-2.4.4.jar;C:\Users\User\.m2\repository\com\vaadin\flow-html-components\2.4.4\flow-html-components-2.4.4.jar;C:\Users\User\.m2\repository\com\vaadin\flow-data\2.4.4\flow-data-2.4.4.jar;C:\Users\User\.m2\repository\javax\validation\validation-api\2.0.1.Final\validation-api-2.0.1.Final.jar;C:\Users\User\.m2\repository\com\vaadin\flow-dnd\2.4.4\flow-dnd-2.4.4.jar;C:\Users\User\.m2\repository\org\webjars\npm\vaadin__vaadin-mobile-drag-drop\1.0.0\vaadin__vaadin-mobile-drag-drop-1.0.0.jar;C:\Users\User\.m2\repository\org\webjars\npm\mobile-drag-drop\2.3.0-rc.1\mobile-drag-drop-2.3.0-rc.1.jar;C:\Users\User\.m2\repository\com\vaadin\vaadin-lumo-theme\2.4.4\vaadin-lumo-theme-2.4.4.jar;C:\Users\User\.m2\repository\com\vaadin\vaadin-material-theme\2.4.4\vaadin-material-theme-2.4.4.jar;C:\Users\User\.m2\repository\com\vaadin\vaadin-accordion-flow\2.2.2\vaadin-accordion-flow-2.2.2.jar;C:\Users\User\.m2\repository\co
Launcher Type: SUN_STANDARD

[Global flags]
     intx CICompilerCount                          = 3                                         {product} {ergonomic}
     uint ConcGCThreads                            = 1                                         {product} {ergonomic}
     uint G1ConcRefinementThreads                  = 4                                         {product} {ergonomic}
   size_t G1HeapRegionSize                         = 1048576                                   {product} {ergonomic}
    uintx GCDrainStackTargetSize                   = 64                                        {product} {ergonomic}
   size_t InitialHeapSize                          = 65011712                                  {product} {ergonomic}
     bool ManagementServer                         = true                                      {product} {command line}
   size_t MarkStackSize                            = 4194304                                   {product} {ergonomic}
   size_t MaxHeapSize                              = 1029701632                                {product} {ergonomic}
   size_t MaxNewSize                               = 617611264                                 {product} {ergonomic}
   size_t MinHeapDeltaBytes                        = 1048576                                   {product} {ergonomic}
   size_t MinHeapSize                              = 8388608                                   {product} {ergonomic}
    uintx NonNMethodCodeHeapSize                   = 6973028                                {pd product} {ergonomic}
    uintx NonProfiledCodeHeapSize                  = 244685212                              {pd product} {ergonomic}
    uintx ProfiledCodeHeapSize                     = 0                                      {pd product} {ergonomic}
    uintx ReservedCodeCacheSize                    = 251658240                              {pd product} {ergonomic}
     bool SegmentedCodeCache                       = true                                      {product} {ergonomic}
   size_t SoftMaxHeapSize                          = 1029701632                             {manageable} {ergonomic}
     intx TieredStopAtLevel                        = 1                                         {product} {command line}
     bool UseCompressedClassPointers               = true                                 {lp64_product} {ergonomic}
     bool UseCompressedOops                        = true                                 {lp64_product} {ergonomic}
     bool UseG1GC                                  = true                                      {product} {ergonomic}
     bool UseLargePagesIndividualAllocation        = false                                  {pd product} {ergonomic}

Logging:
Log output configuration:
 #0: stdout all=warning uptime,level,tags
 #1: stderr all=off uptime,level,tags

Environment Variables:
PATH=C:\Program Files (x86)\Common Files\Oracle\Java\javapath;C:\Windows\system32;C:\Program Files\mingw-w64\mgw-64\mingw64\bin;C:\Windows;C:\Windows\System32\Wbem;C:\Windows\System32\WindowsPowerShell\v1.0\;C:\Windows\System32\OpenSSH\;D:\node.js\;C:\Users\User\AppData\Local\Microsoft\WindowsApps;C:\Program Files\JetBrains\IntelliJ IDEA 2020.2.2\bin;;D:\Visual Studio Code\Microsoft VS Code\bin;C:\Users\User\AppData\Roaming\npm
USERNAME=User
OS=Windows_NT
PROCESSOR_IDENTIFIER=Intel64 Family 6 Model 92 Stepping 9, GenuineIntel



---------------  S Y S T E M  ---------------

OS:
 Windows 10 , 64 bit Build 18362 (10.0.18362.1110)
OS uptime: 9 days 2:41 hours
HyperV virtualization detected

CPU: total 4 (initial active 4) (4 cores per cpu, 1 threads per core) family 6 model 92 stepping 9 microcode 0x32, cmov, cx8, fxsr, mmx, sse, sse2, sse3, ssse3, sse4.1, sse4.2, popcnt, aes, clmul, erms, 3dnowpref, tsc, tscinvbit, sha, clflush, clflushopt

Memory: 4k page, system-wide physical 3920M (218M free)
TotalPageFile size 8507M (AvailPageFile size 9M)
current process WorkingSet (physical memory assigned to process): 175M, peak: 175M
current process commit charge ("private bytes"): 219M, peak: 240M

vm_info: OpenJDK 64-Bit Server VM (15.0.1+9-18) for windows-amd64 JRE (15.0.1+9-18), built on Sep 15 2020 14:39:31 by "mach5one" with unknown MS VC++:1925

END.
